Arguments: 
  /usr/local/bin/node /usr/local/bin/yarn

PATH: 
  /Users/nikolaiwaerpen/.poetry/bin:/Library/Frameworks/Python.framework/Versions/3.9/bin:/usr/local/bin:/usr/bin:/bin:/usr/sbin:/sbin:/usr/local/share/dotnet:~/.dotnet/tools:/Library/Apple/usr/bin:/Users/nikolaiwaerpen/.poetry/bin:/Library/Frameworks/Python.framework/Versions/3.9/bin

Yarn version: 
  1.22.10

Node version: 
  16.13.0

Platform: 
  darwin x64

Trace: 
  Error: https://registry.yarnpkg.com/@fortawesome%2fpro-duotone-svg-icons: Not found
      at Request.params.callback [as _callback] (/usr/local/lib/node_modules/yarn/lib/cli.js:66988:18)
      at Request.self.callback (/usr/local/lib/node_modules/yarn/lib/cli.js:140662:22)
      at Request.emit (node:events:390:28)
      at Request.<anonymous> (/usr/local/lib/node_modules/yarn/lib/cli.js:141634:10)
      at Request.emit (node:events:390:28)
      at IncomingMessage.<anonymous> (/usr/local/lib/node_modules/yarn/lib/cli.js:141556:12)
      at Object.onceWrapper (node:events:509:28)
      at IncomingMessage.emit (node:events:402:35)
      at endReadableNT (node:internal/streams/readable:1343:12)
      at processTicksAndRejections (node:internal/process/task_queues:83:21)

npm manifest: 
  {
    "main": "node_modules/expo/AppEntry.js",
    "scripts": {
      "start": "expo start",
      "android": "expo start --android",
      "ios": "expo start --ios",
      "web": "expo start --web",
      "eject": "expo eject",
      "styles": "npx create-tailwind-rn"
    },
    "dependencies": {
      "@fortawesome/fontawesome-svg-core": "^1.2.36",
      "@fortawesome/pro-duotone-svg-icons": "^5.15.4",
      "@fortawesome/pro-light-svg-icons": "^5.15.4",
      "@fortawesome/pro-regular-svg-icons": "^5.15.4",
      "@fortawesome/pro-solid-svg-icons": "^5.15.4",
      "@fortawesome/react-native-fontawesome": "^0.2.7",
      "@gorhom/bottom-sheet": "^4",
      "@react-navigation/elements": "^1.2.1",
      "@react-navigation/native": "^6.0.6",
      "@react-navigation/stack": "^6.0.11",
      "expo": "~42.0.1",
      "expo-status-bar": "~1.0.4",
      "faker": "^5.5.3",
      "react": "16.13.1",
      "react-dom": "16.13.1",
      "react-native": "https://github.com/expo/react-native/archive/sdk-42.0.0.tar.gz",
      "react-native-gesture-handler": "~1.10.2",
      "react-native-reanimated": "^2.2.2",
      "react-native-safe-area-context": "3.2.0",
      "react-native-screens": "~3.4.0",
      "react-native-svg": "^12.1.1",
      "react-native-web": "~0.13.12",
      "tailwind-rn": "^3.0.1"
    },
    "devDependencies": {
      "@babel/core": "^7.9.0",
      "@fortawesome/fontawesome-common-types": "^0.2.36",
      "@types/faker": "^5.5.9",
      "@types/react": "~16.9.35",
      "@types/react-native": "~0.63.2",
      "autoprefixer": "^9",
      "postcss": "^7",
      "tailwindcss": "npm:@tailwindcss/postcss7-compat",
      "typescript": "~4.0.0"
    },
    "private": true
  }

yarn manifest: 
  No manifest

Lockfile: 
  No lockfile
